0 info it worked if it ends with ok
1 verbose cli [ '/usr/local/bin/node', '/usr/local/bin/npm', 'start' ]
2 info using npm@3.10.10
3 info using node@v6.11.2
4 verbose run-script [ 'prestart', 'start', 'poststart' ]
5 info lifecycle dsign@~prestart: dsign@
6 silly lifecycle dsign@~prestart: no script for prestart, continuing
7 info lifecycle dsign@~start: dsign@
8 verbose lifecycle dsign@~start: unsafe-perm in lifecycle true
9 verbose lifecycle dsign@~start: PATH: /usr/local/lib/node_modules/npm/bin/node-gyp-bin:/home/bastoni/Project/my/thor/node_modules/.bin:/home/bastoni/bin:/home/bastoni/.local/bin:/usr/local/sbin:/usr/local/bin:/usr/sbin:/usr/bin:/sbin:/bin:/usr/games:/usr/local/games
10 verbose lifecycle dsign@~start: CWD: /home/bastoni/Project/my/thor
11 silly lifecycle dsign@~start: Args: [ '-c', 'electron --inspect=5858 ./app --enable-logging' ]
12 silly lifecycle dsign@~start: Returned: code: 1  signal: null
13 info lifecycle dsign@~start: Failed to exec start script
14 verbose stack Error: dsign@ start: `electron --inspect=5858 ./app --enable-logging`
14 verbose stack Exit status 1
14 verbose stack     at EventEmitter.<anonymous> (/usr/local/lib/node_modules/npm/lib/utils/lifecycle.js:255:16)
14 verbose stack     at emitTwo (events.js:106:13)
14 verbose stack     at EventEmitter.emit (events.js:191:7)
14 verbose stack     at ChildProcess.<anonymous> (/usr/local/lib/node_modules/npm/lib/utils/spawn.js:40:14)
14 verbose stack     at emitTwo (events.js:106:13)
14 verbose stack     at ChildProcess.emit (events.js:191:7)
14 verbose stack     at maybeClose (internal/child_process.js:891:16)
14 verbose stack     at Process.ChildProcess._handle.onexit (internal/child_process.js:226:5)
15 verbose pkgid dsign@
16 verbose cwd /home/bastoni/Project/my/thor
17 error Linux 4.15.0-34-generic
18 error argv "/usr/local/bin/node" "/usr/local/bin/npm" "start"
19 error node v6.11.2
20 error npm  v3.10.10
21 error code ELIFECYCLE
22 error dsign@ start: `electron --inspect=5858 ./app --enable-logging`
22 error Exit status 1
23 error Failed at the dsign@ start script 'electron --inspect=5858 ./app --enable-logging'.
23 error Make sure you have the latest version of node.js and npm installed.
23 error If you do, this is most likely a problem with the dsign package,
23 error not with npm itself.
23 error Tell the author that this fails on your system:
23 error     electron --inspect=5858 ./app --enable-logging
23 error You can get information on how to open an issue for this project with:
23 error     npm bugs dsign
23 error Or if that isn't available, you can get their info via:
23 error     npm owner ls dsign
23 error There is likely additional logging output above.
24 verbose exit [ 1, true ]
